[debug] [2024-04-23T13:19:58.688Z] ----------------------------------------------------------------------
[debug] [2024-04-23T13:19:58.690Z] Command:       C:\Program Files\nodejs\node.exe C:\CodeC++\GitHubActionPractice\node_modules\firebase-tools\lib\bin\firebase.js init hosting
[debug] [2024-04-23T13:19:58.691Z] CLI Version:   13.7.3
[debug] [2024-04-23T13:19:58.691Z] Platform:      win32
[debug] [2024-04-23T13:19:58.692Z] Node Version:  v18.17.1
[debug] [2024-04-23T13:19:58.692Z] Time:          Tue Apr 23 2024 20:19:58 GMT+0700 (Indochina Time)
[debug] [2024-04-23T13:19:58.693Z] ----------------------------------------------------------------------
[debug] 
[debug] [2024-04-23T13:19:58.699Z] > command requires scopes: ["email","openid","https://www.googleapis.com/auth/cloudplatformprojects.readonly","https://www.googleapis.com/auth/firebase","https://www.googleapis.com/auth/cloud-platform"]
[debug] [2024-04-23T13:19:58.700Z] > authorizing via signed-in user (idinmaster.1004.2015@gmail.com)
[info] 
     ######## #### ########  ######## ########     ###     ######  ########
     ##        ##  ##     ## ##       ##     ##  ##   ##  ##       ##
     ######    ##  ########  ######   ########  #########  ######  ######
     ##        ##  ##    ##  ##       ##     ## ##     ##       ## ##
     ##       #### ##     ## ######## ########  ##     ##  ######  ########

You're about to initialize a Firebase project in this directory:

  C:\CodeC++\GitHubActionPractice

Before we get started, keep in mind:

  * You are currently outside your home directory

[info] 
=== Project Setup
[info] 
[info] First, let's associate this project directory with a Firebase project.
[info] You can create multiple project aliases by running firebase use --add, 
[info] but for now we'll just set up a default project.
[info] 
[info] 
=== Hosting Setup
[info] 
[info] Your public directory is the folder (relative to your project directory) that
[info] will contain Hosting assets to be uploaded with firebase deploy. If you
[info] have a build process for your assets, use your build's output directory.
[info] 
[debug] [2024-04-23T13:21:00.832Z] >>> [apiv2][query] GET https://www.gstatic.com/firebasejs/releases.json [none]
[debug] [2024-04-23T13:21:01.046Z] <<< [apiv2][status] GET https://www.gstatic.com/firebasejs/releases.json 200
[debug] [2024-04-23T13:21:01.047Z] <<< [apiv2][body] GET https://www.gstatic.com/firebasejs/releases.json {"current":{"version":"10.11.0","browserURL":"https://www.gstatic.com/firebasejs/10.11.0/firebase.js","packageURL":"https://www.gstatic.com/firebasejs/10.11.0/firebase.tgz"},"live":{"version":"10.11","browserURL":"https://www.gstatic.com/firebasejs/live/10.11/firebase.js","packageURL":"https://www.gstatic.com/firebasejs/live/10.11/firebase.tgz"},"components":{"analytics":"https://www.gstatic.com/firebasejs/10.11.0/firebase-analytics.js","app":"https://www.gstatic.com/firebasejs/10.11.0/firebase-app.js","app-check":"https://www.gstatic.com/firebasejs/10.11.0/firebase-app-check.js","auth":"https://www.gstatic.com/firebasejs/10.11.0/firebase-auth.js","auth/cordova":"https://www.gstatic.com/firebasejs/10.11.0/firebase-auth/cordova.js","auth/web-extension":"https://www.gstatic.com/firebasejs/10.11.0/firebase-auth/web-extension.js","functions":"https://www.gstatic.com/firebasejs/10.11.0/firebase-functions.js","firestore":"https://www.gstatic.com/firebasejs/10.11.0/firebase-firestore.js","firestore/lite":"https://www.gstatic.com/firebasejs/10.11.0/firebase-firestore/lite.js","installations":"https://www.gstatic.com/firebasejs/10.11.0/firebase-installations.js","storage":"https://www.gstatic.com/firebasejs/10.11.0/firebase-storage.js","performance":"https://www.gstatic.com/firebasejs/10.11.0/firebase-performance.js","remote-config":"https://www.gstatic.com/firebasejs/10.11.0/firebase-remote-config.js","messaging":"https://www.gstatic.com/firebasejs/10.11.0/firebase-messaging.js","messaging/sw":"https://www.gstatic.com/firebasejs/10.11.0/firebase-messaging/sw.js","database":"https://www.gstatic.com/firebasejs/10.11.0/firebase-database.js","firestore.memory":"https://www.gstatic.com/firebasejs/10.11.0/firebase-firestore.memory.js"}}
[debug] [2024-04-23T13:21:01.152Z] Error: Path contains invalid characters: C:\CodeC++\GitHubActionPractice\"C:\CodeC++\GitHubActionPractice"
    at checkPath (C:\CodeC++\GitHubActionPractice\node_modules\fs-extra\lib\mkdirs\utils.js:16:21)
    at module.exports.makeDirSync (C:\CodeC++\GitHubActionPractice\node_modules\fs-extra\lib\mkdirs\make-dir.js:21:3)
    at Object.createFileSync (C:\CodeC++\GitHubActionPractice\node_modules\fs-extra\lib\ensure\file.js:59:45)
    at Config.writeProjectFile (C:\CodeC++\GitHubActionPractice\node_modules\firebase-tools\lib\config.js:154:12)
    at C:\CodeC++\GitHubActionPractice\node_modules\firebase-tools\lib\config.js:178:22
    at process.processTicksAndRejections (node:internal/process/task_queues:95:5)
    at async doSetup (C:\CodeC++\GitHubActionPractice\node_modules\firebase-tools\lib\init\features\hosting\index.js:177:9)
    at async init (C:\CodeC++\GitHubActionPractice\node_modules\firebase-tools\lib\init\index.js:37:9)
[error] 
[error] Error: An unexpected error has occurred.
